<?xml version="1.0" encoding="UTF-8" ?>
<testsuite tests="12" failures="2" name="TestSuite" time="742.101" errors="0" skipped="0">
  <properties>
[...]
</properties>
  <testcase classname="testpackage.Tests.BasicPlaybackSampleApp.BasicTests" name="AspectRatioTest" time="96.961">
    <failure type="java.lang.AssertionError">java.lang.AssertionError
	at org.junit.Assert.fail(Assert.java:86)
	at org.junit.Assert.assertTrue(Assert.java:41)
	at org.junit.Assert.assertTrue(Assert.java:52)
	at testpackage.utils.eventVerification.verifyEvent(eventVerification.java:27)
	at testpackage.Tests.BasicPlaybackSampleApp.BasicTests.AspectRatioTest(BasicTests.java:155)
</failure>
    <system-out>BeforeTest 

/Users/bsondur/IdeaProjects/testMavenProj
beforeMethod 

 Screen Mode &quot;P&quot;
BasicPlaybackSample App Launched successfully. Activity :- com.ooyala.sample.lists.BasicPlaybackListActivity

Player Video was loaded successfully . Activity  :- com.ooyala.sample.players.BasicPlaybackVideoPlayerActivity

Event Recieved From SDK AND Sample App :- Notification Received: playStarted - state: READYcount: 8
 Video Started to Play 


Event Recieved From SDK AND Sample App :- Notification Received: stateChanged - state: PAUSEDcount: 12
 Playing Video Was Paused 


 Seeking -------------------------  
Event Recieved From SDK AND Sample App :- Notification Received: seekCompleted - state: LOADINGcount: 14
 Playing Video was Seeked 


</system-out>
  </testcase>
  <testcase classname="testpackage.Tests.BasicPlaybackSampleApp.BasicTests" name="HLSVideoTest" time="70.819">
    <failure type="java.lang.AssertionError">java.lang.AssertionError
	at org.junit.Assert.fail(Assert.java:86)
	at org.junit.Assert.assertTrue(Assert.java:41)
	at org.junit.Assert.assertTrue(Assert.java:52)
	at testpackage.utils.eventVerification.verifyEvent(eventVerification.java:27)
	at testpackage.Tests.BasicPlaybackSampleApp.BasicTests.HLSVideoTest(BasicTests.java:229)
</failure>
    <system-out>AfterMethod 

beforeMethod 

 Screen Mode &quot;P&quot;
BasicPlaybackSample App Launched successfully. Activity :- com.ooyala.sample.lists.BasicPlaybackListActivity

Player Video was loaded successfully . Activity  :- com.ooyala.sample.players.BasicPlaybackVideoPlayerActivity

Event Recieved From SDK AND Sample App :- Notification Received: playStarted - state: READYcount: 8
 Video Started to Play 


Event Recieved From SDK AND Sample App :- Notification Received: stateChanged - state: PAUSEDcount: 12
 Playing Video Was Paused 


 Seeking -------------------------  
Event Recieved From SDK AND Sample App :- Notification Received: seekCompleted - state: LOADINGcount: 14
 Playing Video was Seeked 


</system-out>
  </testcase>
  <testcase classname="testpackage.Tests.BasicPlaybackSampleApp.BasicTests" name="MP4VideoTest" time="54.399"/>
  <testcase classname="testpackage.Tests.BasicPlaybackSampleApp.BasicTests" name="MultiAdCombinationTest" time="51.148"/>
  <testcase classname="testpackage.Tests.BasicPlaybackSampleApp.BasicTests" name="OoyalaADMidRollTest" time="67.388"/>
  <testcase classname="testpackage.Tests.BasicPlaybackSampleApp.BasicTests" name="OoyalaADPostRollTest" time="28.472"/>
  <testcase classname="testpackage.Tests.BasicPlaybackSampleApp.BasicTests" name="OoyalaAdPreRollTest" time="29.886"/>
  <testcase classname="testpackage.Tests.BasicPlaybackSampleApp.BasicTests" name="VASTADMidRollTest" time="40.703"/>
  <testcase classname="testpackage.Tests.BasicPlaybackSampleApp.BasicTests" name="VASTADPostRollTest" time="28.985"/>
  <testcase classname="testpackage.Tests.BasicPlaybackSampleApp.BasicTests" name="VASTAdPreRollTest" time="30.167"/>
  <testcase classname="testpackage.Tests.BasicPlaybackSampleApp.BasicTests" name="VASTAdWrapperTest" time="31.376"/>
  <testcase classname="testpackage.Tests.BasicPlaybackSampleApp.BasicTests" name="VODwithCCTest" time="64.471"/>
</testsuite>